{"C:\\Users\\manda\\OneDrive\\Desktop\\Ecommerce-app\\E-Commerce-Backend\\app.js": {"path":"C:\\Users\\manda\\OneDrive\\Desktop\\Ecommerce-app\\E-Commerce-Backend\\app.js","statementMap":{"0":{"start":{"line":2,"column":14},"end":{"line":2,"column":32}},"1":{"start":{"line":3,"column":17},"end":{"line":3,"column":26}},"2":{"start":{"line":4,"column":13},"end":{"line":4,"column":38}},"3":{"start":{"line":5,"column":17},"end":{"line":5,"column":39}},"4":{"start":{"line":6,"column":19},"end":{"line":6,"column":56}},"5":{"start":{"line":7,"column":9},"end":{"line":7,"column":33}},"6":{"start":{"line":9,"column":0},"end":{"line":9,"column":33}},"7":{"start":{"line":10,"column":0},"end":{"line":10,"column":23}},"8":{"start":{"line":11,"column":0},"end":{"line":11,"column":28}},"9":{"start":{"line":13,"column":0},"end":{"line":13,"column":42}},"10":{"start":{"line":15,"column":0},"end":{"line":17,"column":2}},"11":{"start":{"line":16,"column":4},"end":{"line":16,"column":13}},"12":{"start":{"line":19,"column":13},"end":{"line":22,"column":1}},"13":{"start":{"line":20,"column":4},"end":{"line":20,"column":36}},"14":{"start":{"line":21,"column":4},"end":{"line":21,"column":24}},"15":{"start":{"line":25,"column":30},"end":{"line":33,"column":1}},"16":{"start":{"line":26,"column":4},"end":{"line":32,"column":6}},"17":{"start":{"line":35,"column":18},"end":{"line":43,"column":1}},"18":{"start":{"line":36,"column":4},"end":{"line":42,"column":7}},"19":{"start":{"line":45,"column":0},"end":{"line":45,"column":28}}},"fnMap":{"0":{"name":"(anonymous_0)","decl":{"start":{"line":15,"column":50},"end":{"line":15,"column":51}},"loc":{"start":{"line":15,"column":56},"end":{"line":17,"column":1}},"line":15},"1":{"name":"(anonymous_1)","decl":{"start":{"line":19,"column":13},"end":{"line":19,"column":14}},"loc":{"start":{"line":19,"column":25},"end":{"line":22,"column":1}},"line":19},"2":{"name":"(anonymous_2)","decl":{"start":{"line":25,"column":30},"end":{"line":25,"column":31}},"loc":{"start":{"line":25,"column":36},"end":{"line":33,"column":1}},"line":25},"3":{"name":"(anonymous_3)","decl":{"start":{"line":35,"column":18},"end":{"line":35,"column":19}},"loc":{"start":{"line":35,"column":24},"end":{"line":43,"column":1}},"line":35}},"branchMap":{},"s":{"0":1,"1":1,"2":1,"3":1,"4":1,"5":1,"6":1,"7":1,"8":1,"9":1,"10":1,"11":0,"12":1,"13":0,"14":0,"15":1,"16":0,"17":1,"18":0,"19":1},"f":{"0":0,"1":0,"2":0,"3":0},"b":{},"_coverageSchema":"1a1c01bbd47fc00a2c39e90264f33305004495a9","hash":"e89bbbf0878901b4c7e9ebcf2a9ea5d0a5d56fd8"}
,"C:\\Users\\manda\\OneDrive\\Desktop\\Ecommerce-app\\E-Commerce-Backend\\config\\auth.config.js": {"path":"C:\\Users\\manda\\OneDrive\\Desktop\\Ecommerce-app\\E-Commerce-Backend\\config\\auth.config.js","statementMap":{"0":{"start":{"line":1,"column":16},"end":{"line":3,"column":1}},"1":{"start":{"line":5,"column":0},"end":{"line":5,"column":27}}},"fnMap":{},"branchMap":{},"s":{"0":1,"1":1},"f":{},"b":{},"_coverageSchema":"1a1c01bbd47fc00a2c39e90264f33305004495a9","hash":"1dc05dd3b4f9e96176a33b15de1c45905de45624"}
,"C:\\Users\\manda\\OneDrive\\Desktop\\Ecommerce-app\\E-Commerce-Backend\\config\\db.config.js": {"path":"C:\\Users\\manda\\OneDrive\\Desktop\\Ecommerce-app\\E-Commerce-Backend\\config\\db.config.js","statementMap":{"0":{"start":{"line":2,"column":28},"end":{"line":17,"column":1}},"1":{"start":{"line":19,"column":21},"end":{"line":34,"column":1}},"2":{"start":{"line":36,"column":0},"end":{"line":39,"column":1}}},"fnMap":{},"branchMap":{},"s":{"0":3,"1":3,"2":3},"f":{},"b":{},"_coverageSchema":"1a1c01bbd47fc00a2c39e90264f33305004495a9","hash":"4460eea096abc1f37135d50e4fc640fdcbb01fd6"}
,"C:\\Users\\manda\\OneDrive\\Desktop\\Ecommerce-app\\E-Commerce-Backend\\controller\\auth.controller.js": {"path":"C:\\Users\\manda\\OneDrive\\Desktop\\Ecommerce-app\\E-Commerce-Backend\\controller\\auth.controller.js","statementMap":{"0":{"start":{"line":1,"column":11},"end":{"line":1,"column":36}},"1":{"start":{"line":2,"column":10},"end":{"line":2,"column":33}},"2":{"start":{"line":3,"column":13},"end":{"line":3,"column":32}},"3":{"start":{"line":4,"column":17},"end":{"line":4,"column":49}},"4":{"start":{"line":8,"column":13},"end":{"line":37,"column":1}},"5":{"start":{"line":9,"column":15},"end":{"line":13,"column":6}},"6":{"start":{"line":15,"column":4},"end":{"line":35,"column":5}},"7":{"start":{"line":16,"column":20},"end":{"line":22,"column":10}},"8":{"start":{"line":25,"column":8},"end":{"line":25,"column":35}},"9":{"start":{"line":26,"column":8},"end":{"line":28,"column":10}},"10":{"start":{"line":30,"column":8},"end":{"line":30,"column":33}},"11":{"start":{"line":31,"column":8},"end":{"line":33,"column":10}},"12":{"start":{"line":39,"column":13},"end":{"line":91,"column":1}},"13":{"start":{"line":40,"column":19},"end":{"line":40,"column":36}},"14":{"start":{"line":41,"column":19},"end":{"line":41,"column":36}},"15":{"start":{"line":43,"column":23},"end":{"line":47,"column":6}},"16":{"start":{"line":49,"column":4},"end":{"line":54,"column":5}},"17":{"start":{"line":50,"column":8},"end":{"line":52,"column":10}},"18":{"start":{"line":53,"column":8},"end":{"line":53,"column":15}},"19":{"start":{"line":56,"column":26},"end":{"line":59,"column":5}},"20":{"start":{"line":61,"column":4},"end":{"line":66,"column":5}},"21":{"start":{"line":62,"column":8},"end":{"line":64,"column":10}},"22":{"start":{"line":65,"column":8},"end":{"line":65,"column":15}},"23":{"start":{"line":68,"column":16},"end":{"line":70,"column":6}},"24":{"start":{"line":72,"column":22},"end":{"line":72,"column":24}},"25":{"start":{"line":73,"column":16},"end":{"line":73,"column":45}},"26":{"start":{"line":74,"column":4},"end":{"line":76,"column":5}},"27":{"start":{"line":74,"column":17},"end":{"line":74,"column":18}},"28":{"start":{"line":75,"column":8},"end":{"line":75,"column":63}},"29":{"start":{"line":78,"column":4},"end":{"line":85,"column":6}},"30":{"start":{"line":94,"column":0},"end":{"line":97,"column":1}}},"fnMap":{"0":{"name":"(anonymous_0)","decl":{"start":{"line":8,"column":13},"end":{"line":8,"column":14}},"loc":{"start":{"line":8,"column":33},"end":{"line":37,"column":1}},"line":8},"1":{"name":"(anonymous_1)","decl":{"start":{"line":39,"column":13},"end":{"line":39,"column":14}},"loc":{"start":{"line":39,"column":33},"end":{"line":91,"column":1}},"line":39}},"branchMap":{"0":{"loc":{"start":{"line":15,"column":4},"end":{"line":35,"column":5}},"type":"if","locations":[{"start":{"line":15,"column":4},"end":{"line":35,"column":5}},{"start":{"line":29,"column":11},"end":{"line":35,"column":5}}],"line":15},"1":{"loc":{"start":{"line":49,"column":4},"end":{"line":54,"column":5}},"type":"if","locations":[{"start":{"line":49,"column":4},"end":{"line":54,"column":5}},{"start":{},"end":{}}],"line":49},"2":{"loc":{"start":{"line":61,"column":4},"end":{"line":66,"column":5}},"type":"if","locations":[{"start":{"line":61,"column":4},"end":{"line":66,"column":5}},{"start":{},"end":{}}],"line":61}},"s":{"0":1,"1":1,"2":1,"3":1,"4":1,"5":0,"6":0,"7":0,"8":0,"9":0,"10":0,"11":0,"12":1,"13":0,"14":0,"15":0,"16":0,"17":0,"18":0,"19":0,"20":0,"21":0,"22":0,"23":0,"24":0,"25":0,"26":0,"27":0,"28":0,"29":0,"30":1},"f":{"0":0,"1":0},"b":{"0":[0,0],"1":[0,0],"2":[0,0]},"_coverageSchema":"1a1c01bbd47fc00a2c39e90264f33305004495a9","hash":"67f46cff4c21e8c510624c4578ebc02498113a89"}
,"C:\\Users\\manda\\OneDrive\\Desktop\\Ecommerce-app\\E-Commerce-Backend\\controller\\cart.controller.js": {"path":"C:\\Users\\manda\\OneDrive\\Desktop\\Ecommerce-app\\E-Commerce-Backend\\controller\\cart.controller.js","statementMap":{"0":{"start":{"line":1,"column":9},"end":{"line":1,"column":34}},"1":{"start":{"line":3,"column":17},"end":{"line":18,"column":1}},"2":{"start":{"line":4,"column":15},"end":{"line":4,"column":23}},"3":{"start":{"line":6,"column":4},"end":{"line":16,"column":5}},"4":{"start":{"line":7,"column":8},"end":{"line":7,"column":91}},"5":{"start":{"line":9,"column":8},"end":{"line":11,"column":11}},"6":{"start":{"line":13,"column":8},"end":{"line":15,"column":10}},"7":{"start":{"line":20,"column":17},"end":{"line":59,"column":1}},"8":{"start":{"line":21,"column":19},"end":{"line":21,"column":36}},"9":{"start":{"line":23,"column":26},"end":{"line":23,"column":61}},"10":{"start":{"line":25,"column":4},"end":{"line":31,"column":5}},"11":{"start":{"line":26,"column":28},"end":{"line":30,"column":10}},"12":{"start":{"line":33,"column":4},"end":{"line":57,"column":5}},"13":{"start":{"line":34,"column":8},"end":{"line":34,"column":57}},"14":{"start":{"line":35,"column":8},"end":{"line":35,"column":38}},"15":{"start":{"line":37,"column":24},"end":{"line":37,"column":25}},"16":{"start":{"line":38,"column":30},"end":{"line":38,"column":32}},"17":{"start":{"line":39,"column":23},"end":{"line":39,"column":58}},"18":{"start":{"line":41,"column":8},"end":{"line":48,"column":9}},"19":{"start":{"line":41,"column":21},"end":{"line":41,"column":22}},"20":{"start":{"line":42,"column":12},"end":{"line":42,"column":54}},"21":{"start":{"line":43,"column":12},"end":{"line":47,"column":14}},"22":{"start":{"line":50,"column":8},"end":{"line":55,"column":10}},"23":{"start":{"line":62,"column":14},"end":{"line":87,"column":1}},"24":{"start":{"line":64,"column":15},"end":{"line":64,"column":61}},"25":{"start":{"line":66,"column":20},"end":{"line":66,"column":21}},"26":{"start":{"line":67,"column":27},"end":{"line":67,"column":29}},"27":{"start":{"line":69,"column":25},"end":{"line":69,"column":49}},"28":{"start":{"line":71,"column":4},"end":{"line":79,"column":5}},"29":{"start":{"line":71,"column":17},"end":{"line":71,"column":18}},"30":{"start":{"line":73,"column":8},"end":{"line":73,"column":45}},"31":{"start":{"line":74,"column":8},"end":{"line":78,"column":10}},"32":{"start":{"line":81,"column":4},"end":{"line":85,"column":6}},"33":{"start":{"line":89,"column":0},"end":{"line":91,"column":1}}},"fnMap":{"0":{"name":"(anonymous_0)","decl":{"start":{"line":3,"column":17},"end":{"line":3,"column":18}},"loc":{"start":{"line":3,"column":43},"end":{"line":18,"column":1}},"line":3},"1":{"name":"(anonymous_1)","decl":{"start":{"line":20,"column":17},"end":{"line":20,"column":18}},"loc":{"start":{"line":20,"column":43},"end":{"line":59,"column":1}},"line":20},"2":{"name":"(anonymous_2)","decl":{"start":{"line":62,"column":14},"end":{"line":62,"column":15}},"loc":{"start":{"line":62,"column":40},"end":{"line":87,"column":1}},"line":62}},"branchMap":{"0":{"loc":{"start":{"line":7,"column":34},"end":{"line":7,"column":89}},"type":"binary-expr","locations":[{"start":{"line":7,"column":34},"end":{"line":7,"column":38}},{"start":{"line":7,"column":42},"end":{"line":7,"column":72}},{"start":{"line":7,"column":76},"end":{"line":7,"column":89}}],"line":7},"1":{"loc":{"start":{"line":25,"column":4},"end":{"line":31,"column":5}},"type":"if","locations":[{"start":{"line":25,"column":4},"end":{"line":31,"column":5}},{"start":{},"end":{}}],"line":25},"2":{"loc":{"start":{"line":33,"column":4},"end":{"line":57,"column":5}},"type":"if","locations":[{"start":{"line":33,"column":4},"end":{"line":57,"column":5}},{"start":{},"end":{}}],"line":33}},"s":{"0":1,"1":1,"2":0,"3":0,"4":0,"5":0,"6":0,"7":1,"8":0,"9":0,"10":0,"11":0,"12":0,"13":0,"14":0,"15":0,"16":0,"17":0,"18":0,"19":0,"20":0,"21":0,"22":0,"23":1,"24":0,"25":0,"26":0,"27":0,"28":0,"29":0,"30":0,"31":0,"32":0,"33":1},"f":{"0":0,"1":0,"2":0},"b":{"0":[0,0,0],"1":[0,0],"2":[0,0]},"_coverageSchema":"1a1c01bbd47fc00a2c39e90264f33305004495a9","hash":"65642553eb9bb2bd10d952fa27b8680fc389c602"}
,"C:\\Users\\manda\\OneDrive\\Desktop\\Ecommerce-app\\E-Commerce-Backend\\controller\\category.controller.js": {"path":"C:\\Users\\manda\\OneDrive\\Desktop\\Ecommerce-app\\E-Commerce-Backend\\controller\\category.controller.js","statementMap":{"0":{"start":{"line":1,"column":9},"end":{"line":1,"column":34}},"1":{"start":{"line":4,"column":23},"end":{"line":13,"column":1}},"2":{"start":{"line":6,"column":2},"end":{"line":11,"column":3}},"3":{"start":{"line":7,"column":21},"end":{"line":7,"column":53}},"4":{"start":{"line":8,"column":4},"end":{"line":8,"column":37}},"5":{"start":{"line":10,"column":4},"end":{"line":10,"column":56}},"6":{"start":{"line":15,"column":22},"end":{"line":33,"column":1}},"7":{"start":{"line":17,"column":2},"end":{"line":32,"column":3}},"8":{"start":{"line":18,"column":13},"end":{"line":18,"column":34}},"9":{"start":{"line":19,"column":22},"end":{"line":23,"column":6}},"10":{"start":{"line":25,"column":4},"end":{"line":25,"column":37}},"11":{"start":{"line":29,"column":4},"end":{"line":31,"column":6}},"12":{"start":{"line":37,"column":21},"end":{"line":47,"column":1}},"13":{"start":{"line":38,"column":2},"end":{"line":46,"column":3}},"14":{"start":{"line":39,"column":28},"end":{"line":39,"column":36}},"15":{"start":{"line":41,"column":4},"end":{"line":41,"column":57}},"16":{"start":{"line":43,"column":4},"end":{"line":43,"column":44}},"17":{"start":{"line":45,"column":4},"end":{"line":45,"column":51}},"18":{"start":{"line":49,"column":25},"end":{"line":60,"column":1}},"19":{"start":{"line":50,"column":30},"end":{"line":50,"column":51}},"20":{"start":{"line":52,"column":2},"end":{"line":56,"column":5}},"21":{"start":{"line":58,"column":2},"end":{"line":58,"column":52}},"22":{"start":{"line":59,"column":2},"end":{"line":59,"column":12}},"23":{"start":{"line":62,"column":25},"end":{"line":93,"column":1}},"24":{"start":{"line":64,"column":2},"end":{"line":89,"column":3}},"25":{"start":{"line":65,"column":13},"end":{"line":65,"column":34}},"26":{"start":{"line":66,"column":29},"end":{"line":66,"column":37}},"27":{"start":{"line":76,"column":4},"end":{"line":80,"column":7}},"28":{"start":{"line":82,"column":26},"end":{"line":82,"column":61}},"29":{"start":{"line":83,"column":4},"end":{"line":83,"column":42}},"30":{"start":{"line":84,"column":4},"end":{"line":84,"column":13}},"31":{"start":{"line":87,"column":4},"end":{"line":87,"column":13}},"32":{"start":{"line":95,"column":23},"end":{"line":101,"column":1}},"33":{"start":{"line":103,"column":0},"end":{"line":103,"column":34}}},"fnMap":{"0":{"name":"(anonymous_0)","decl":{"start":{"line":4,"column":23},"end":{"line":4,"column":24}},"loc":{"start":{"line":4,"column":49},"end":{"line":13,"column":1}},"line":4},"1":{"name":"(anonymous_1)","decl":{"start":{"line":15,"column":22},"end":{"line":15,"column":23}},"loc":{"start":{"line":15,"column":48},"end":{"line":33,"column":1}},"line":15},"2":{"name":"(anonymous_2)","decl":{"start":{"line":37,"column":21},"end":{"line":37,"column":22}},"loc":{"start":{"line":37,"column":47},"end":{"line":47,"column":1}},"line":37},"3":{"name":"(anonymous_3)","decl":{"start":{"line":49,"column":25},"end":{"line":49,"column":26}},"loc":{"start":{"line":49,"column":51},"end":{"line":60,"column":1}},"line":49},"4":{"name":"(anonymous_4)","decl":{"start":{"line":62,"column":25},"end":{"line":62,"column":26}},"loc":{"start":{"line":62,"column":51},"end":{"line":93,"column":1}},"line":62}},"branchMap":{},"s":{"0":2,"1":2,"2":2,"3":2,"4":1,"5":1,"6":2,"7":1,"8":1,"9":1,"10":1,"11":0,"12":2,"13":1,"14":1,"15":1,"16":1,"17":0,"18":2,"19":1,"20":1,"21":1,"22":1,"23":2,"24":1,"25":1,"26":1,"27":1,"28":1,"29":1,"30":1,"31":0,"32":2,"33":2},"f":{"0":2,"1":1,"2":1,"3":1,"4":1},"b":{},"_coverageSchema":"1a1c01bbd47fc00a2c39e90264f33305004495a9","hash":"b8a5350c66066c1f026f50f1e5430de34e183e3f"}
,"C:\\Users\\manda\\OneDrive\\Desktop\\Ecommerce-app\\E-Commerce-Backend\\controller\\product.controller.js": {"path":"C:\\Users\\manda\\OneDrive\\Desktop\\Ecommerce-app\\E-Commerce-Backend\\controller\\product.controller.js","statementMap":{"0":{"start":{"line":1,"column":9},"end":{"line":1,"column":34}},"1":{"start":{"line":2,"column":26},"end":{"line":2,"column":56}},"2":{"start":{"line":6,"column":30},"end":{"line":49,"column":1}},"3":{"start":{"line":8,"column":4},"end":{"line":45,"column":6}},"4":{"start":{"line":47,"column":4},"end":{"line":47,"column":55}},"5":{"start":{"line":48,"column":4},"end":{"line":48,"column":13}},"6":{"start":{"line":51,"column":21},"end":{"line":85,"column":1}},"7":{"start":{"line":52,"column":30},"end":{"line":52,"column":50}},"8":{"start":{"line":53,"column":19},"end":{"line":53,"column":37}},"9":{"start":{"line":54,"column":19},"end":{"line":54,"column":37}},"10":{"start":{"line":56,"column":4},"end":{"line":78,"column":5}},"11":{"start":{"line":57,"column":8},"end":{"line":57,"column":59}},"12":{"start":{"line":58,"column":11},"end":{"line":78,"column":5}},"13":{"start":{"line":59,"column":8},"end":{"line":75,"column":10}},"14":{"start":{"line":77,"column":8},"end":{"line":77,"column":66}},"15":{"start":{"line":80,"column":4},"end":{"line":83,"column":6}},"16":{"start":{"line":84,"column":4},"end":{"line":84,"column":13}},"17":{"start":{"line":88,"column":20},"end":{"line":102,"column":1}},"18":{"start":{"line":89,"column":25},"end":{"line":98,"column":6}},"19":{"start":{"line":100,"column":4},"end":{"line":100,"column":25}},"20":{"start":{"line":104,"column":25},"end":{"line":117,"column":1}},"21":{"start":{"line":105,"column":13},"end":{"line":105,"column":33}},"22":{"start":{"line":108,"column":25},"end":{"line":112,"column":6}},"23":{"start":{"line":114,"column":4},"end":{"line":114,"column":62}},"24":{"start":{"line":115,"column":4},"end":{"line":115,"column":45}},"25":{"start":{"line":116,"column":4},"end":{"line":116,"column":13}},"26":{"start":{"line":120,"column":21},"end":{"line":132,"column":1}},"27":{"start":{"line":121,"column":27},"end":{"line":121,"column":35}},"28":{"start":{"line":122,"column":4},"end":{"line":130,"column":5}},"29":{"start":{"line":123,"column":8},"end":{"line":123,"column":58}},"30":{"start":{"line":125,"column":8},"end":{"line":125,"column":46}},"31":{"start":{"line":126,"column":8},"end":{"line":126,"column":17}},"32":{"start":{"line":128,"column":8},"end":{"line":128,"column":66}},"33":{"start":{"line":129,"column":8},"end":{"line":129,"column":18}},"34":{"start":{"line":134,"column":24},"end":{"line":153,"column":1}},"35":{"start":{"line":135,"column":29},"end":{"line":135,"column":49}},"36":{"start":{"line":136,"column":25},"end":{"line":136,"column":75}},"37":{"start":{"line":138,"column":4},"end":{"line":152,"column":5}},"38":{"start":{"line":139,"column":8},"end":{"line":141,"column":9}},"39":{"start":{"line":140,"column":12},"end":{"line":140,"column":49}},"40":{"start":{"line":142,"column":8},"end":{"line":146,"column":10}},"41":{"start":{"line":148,"column":8},"end":{"line":148,"column":58}},"42":{"start":{"line":149,"column":8},"end":{"line":149,"column":17}},"43":{"start":{"line":151,"column":8},"end":{"line":151,"column":17}},"44":{"start":{"line":155,"column":24},"end":{"line":180,"column":1}},"45":{"start":{"line":156,"column":13},"end":{"line":156,"column":33}},"46":{"start":{"line":157,"column":29},"end":{"line":157,"column":37}},"47":{"start":{"line":160,"column":4},"end":{"line":165,"column":5}},"48":{"start":{"line":161,"column":8},"end":{"line":163,"column":10}},"49":{"start":{"line":164,"column":8},"end":{"line":164,"column":15}},"50":{"start":{"line":167,"column":4},"end":{"line":179,"column":5}},"51":{"start":{"line":169,"column":8},"end":{"line":173,"column":10}},"52":{"start":{"line":174,"column":29},"end":{"line":174,"column":63}},"53":{"start":{"line":175,"column":8},"end":{"line":175,"column":45}},"54":{"start":{"line":176,"column":8},"end":{"line":176,"column":18}},"55":{"start":{"line":178,"column":8},"end":{"line":178,"column":17}},"56":{"start":{"line":182,"column":0},"end":{"line":189,"column":1}}},"fnMap":{"0":{"name":"(anonymous_0)","decl":{"start":{"line":6,"column":30},"end":{"line":6,"column":31}},"loc":{"start":{"line":6,"column":56},"end":{"line":49,"column":1}},"line":6},"1":{"name":"(anonymous_1)","decl":{"start":{"line":51,"column":21},"end":{"line":51,"column":22}},"loc":{"start":{"line":51,"column":47},"end":{"line":85,"column":1}},"line":51},"2":{"name":"(anonymous_2)","decl":{"start":{"line":88,"column":20},"end":{"line":88,"column":21}},"loc":{"start":{"line":88,"column":50},"end":{"line":102,"column":1}},"line":88},"3":{"name":"(anonymous_3)","decl":{"start":{"line":104,"column":25},"end":{"line":104,"column":26}},"loc":{"start":{"line":104,"column":51},"end":{"line":117,"column":1}},"line":104},"4":{"name":"(anonymous_4)","decl":{"start":{"line":120,"column":21},"end":{"line":120,"column":22}},"loc":{"start":{"line":120,"column":47},"end":{"line":132,"column":1}},"line":120},"5":{"name":"(anonymous_5)","decl":{"start":{"line":134,"column":24},"end":{"line":134,"column":25}},"loc":{"start":{"line":134,"column":50},"end":{"line":153,"column":1}},"line":134},"6":{"name":"(anonymous_6)","decl":{"start":{"line":155,"column":24},"end":{"line":155,"column":25}},"loc":{"start":{"line":155,"column":50},"end":{"line":180,"column":1}},"line":155}},"branchMap":{"0":{"loc":{"start":{"line":56,"column":4},"end":{"line":78,"column":5}},"type":"if","locations":[{"start":{"line":56,"column":4},"end":{"line":78,"column":5}},{"start":{"line":58,"column":11},"end":{"line":78,"column":5}}],"line":56},"1":{"loc":{"start":{"line":58,"column":11},"end":{"line":78,"column":5}},"type":"if","locations":[{"start":{"line":58,"column":11},"end":{"line":78,"column":5}},{"start":{"line":76,"column":11},"end":{"line":78,"column":5}}],"line":58},"2":{"loc":{"start":{"line":68,"column":51},"end":{"line":68,"column":79}},"type":"binary-expr","locations":[{"start":{"line":68,"column":51},"end":{"line":68,"column":59}},{"start":{"line":68,"column":63},"end":{"line":68,"column":79}}],"line":68},"3":{"loc":{"start":{"line":69,"column":51},"end":{"line":69,"column":64}},"type":"binary-expr","locations":[{"start":{"line":69,"column":51},"end":{"line":69,"column":59}},{"start":{"line":69,"column":63},"end":{"line":69,"column":64}}],"line":69},"4":{"loc":{"start":{"line":93,"column":39},"end":{"line":93,"column":67}},"type":"binary-expr","locations":[{"start":{"line":93,"column":39},"end":{"line":93,"column":47}},{"start":{"line":93,"column":51},"end":{"line":93,"column":67}}],"line":93},"5":{"loc":{"start":{"line":94,"column":39},"end":{"line":94,"column":52}},"type":"binary-expr","locations":[{"start":{"line":94,"column":39},"end":{"line":94,"column":47}},{"start":{"line":94,"column":51},"end":{"line":94,"column":52}}],"line":94},"6":{"loc":{"start":{"line":139,"column":8},"end":{"line":141,"column":9}},"type":"if","locations":[{"start":{"line":139,"column":8},"end":{"line":141,"column":9}},{"start":{},"end":{}}],"line":139},"7":{"loc":{"start":{"line":160,"column":4},"end":{"line":165,"column":5}},"type":"if","locations":[{"start":{"line":160,"column":4},"end":{"line":165,"column":5}},{"start":{},"end":{}}],"line":160}},"s":{"0":2,"1":2,"2":2,"3":0,"4":0,"5":0,"6":2,"7":0,"8":0,"9":0,"10":0,"11":0,"12":0,"13":0,"14":0,"15":0,"16":0,"17":2,"18":0,"19":0,"20":2,"21":0,"22":0,"23":0,"24":0,"25":0,"26":2,"27":2,"28":2,"29":2,"30":2,"31":2,"32":0,"33":0,"34":2,"35":0,"36":0,"37":0,"38":0,"39":0,"40":0,"41":0,"42":0,"43":0,"44":2,"45":0,"46":0,"47":0,"48":0,"49":0,"50":0,"51":0,"52":0,"53":0,"54":0,"55":0,"56":2},"f":{"0":0,"1":0,"2":0,"3":0,"4":2,"5":0,"6":0},"b":{"0":[0,0],"1":[0,0],"2":[0,0],"3":[0,0],"4":[0,0],"5":[0,0],"6":[0,0],"7":[0,0]},"_coverageSchema":"1a1c01bbd47fc00a2c39e90264f33305004495a9","hash":"abe194c7e819e2e06e1a657165f5fc914c630790"}
,"C:\\Users\\manda\\OneDrive\\Desktop\\Ecommerce-app\\E-Commerce-Backend\\middlewares\\CategoryRequestValidaters.js": {"path":"C:\\Users\\manda\\OneDrive\\Desktop\\Ecommerce-app\\E-Commerce-Backend\\middlewares\\CategoryRequestValidaters.js","statementMap":{"0":{"start":{"line":1,"column":20},"end":{"line":1,"column":48}},"1":{"start":{"line":2,"column":23},"end":{"line":2,"column":52}},"2":{"start":{"line":6,"column":35},"end":{"line":8,"column":1}},"3":{"start":{"line":7,"column":4},"end":{"line":7,"column":67}},"4":{"start":{"line":10,"column":33},"end":{"line":13,"column":1}},"5":{"start":{"line":11,"column":21},"end":{"line":11,"column":42}},"6":{"start":{"line":12,"column":4},"end":{"line":12,"column":93}},"7":{"start":{"line":15,"column":0},"end":{"line":19,"column":1}}},"fnMap":{"0":{"name":"(anonymous_0)","decl":{"start":{"line":6,"column":35},"end":{"line":6,"column":36}},"loc":{"start":{"line":6,"column":55},"end":{"line":8,"column":1}},"line":6},"1":{"name":"(anonymous_1)","decl":{"start":{"line":10,"column":33},"end":{"line":10,"column":34}},"loc":{"start":{"line":10,"column":60},"end":{"line":13,"column":1}},"line":10}},"branchMap":{},"s":{"0":1,"1":1,"2":1,"3":0,"4":1,"5":0,"6":0,"7":1},"f":{"0":0,"1":0},"b":{},"_coverageSchema":"1a1c01bbd47fc00a2c39e90264f33305004495a9","hash":"a5154a69ecd999fa0bbee72239d9887392fb9bff"}
,"C:\\Users\\manda\\OneDrive\\Desktop\\Ecommerce-app\\E-Commerce-Backend\\middlewares\\ErrorHandler.js": {"path":"C:\\Users\\manda\\OneDrive\\Desktop\\Ecommerce-app\\E-Commerce-Backend\\middlewares\\ErrorHandler.js","statementMap":{"0":{"start":{"line":1,"column":11},"end":{"line":1,"column":26}},"1":{"start":{"line":3,"column":21},"end":{"line":18,"column":1}},"2":{"start":{"line":4,"column":4},"end":{"line":4,"column":44}},"3":{"start":{"line":5,"column":22},"end":{"line":5,"column":43}},"4":{"start":{"line":6,"column":19},"end":{"line":6,"column":56}},"5":{"start":{"line":13,"column":19},"end":{"line":13,"column":54}},"6":{"start":{"line":15,"column":4},"end":{"line":15,"column":37}},"7":{"start":{"line":22,"column":0},"end":{"line":22,"column":30}}},"fnMap":{"0":{"name":"(anonymous_0)","decl":{"start":{"line":3,"column":21},"end":{"line":3,"column":22}},"loc":{"start":{"line":3,"column":46},"end":{"line":18,"column":1}},"line":3}},"branchMap":{"0":{"loc":{"start":{"line":5,"column":22},"end":{"line":5,"column":43}},"type":"binary-expr","locations":[{"start":{"line":5,"column":22},"end":{"line":5,"column":36}},{"start":{"line":5,"column":40},"end":{"line":5,"column":43}}],"line":5},"1":{"loc":{"start":{"line":6,"column":19},"end":{"line":6,"column":56}},"type":"binary-expr","locations":[{"start":{"line":6,"column":19},"end":{"line":6,"column":30}},{"start":{"line":6,"column":34},"end":{"line":6,"column":56}}],"line":6}},"s":{"0":1,"1":1,"2":0,"3":0,"4":0,"5":0,"6":0,"7":1},"f":{"0":0},"b":{"0":[0,0],"1":[0,0]},"_coverageSchema":"1a1c01bbd47fc00a2c39e90264f33305004495a9","hash":"a2d335587e2f3a9142d7a2730782fd71a7b37697"}
,"C:\\Users\\manda\\OneDrive\\Desktop\\Ecommerce-app\\E-Commerce-Backend\\middlewares\\ProductRequestValidaters.js": {"path":"C:\\Users\\manda\\OneDrive\\Desktop\\Ecommerce-app\\E-Commerce-Backend\\middlewares\\ProductRequestValidaters.js","statementMap":{"0":{"start":{"line":1,"column":20},"end":{"line":1,"column":48}},"1":{"start":{"line":2,"column":23},"end":{"line":2,"column":52}},"2":{"start":{"line":4,"column":32},"end":{"line":6,"column":1}},"3":{"start":{"line":5,"column":4},"end":{"line":5,"column":67}},"4":{"start":{"line":8,"column":31},"end":{"line":13,"column":1}},"5":{"start":{"line":9,"column":20},"end":{"line":9,"column":40}},"6":{"start":{"line":11,"column":4},"end":{"line":11,"column":92}},"7":{"start":{"line":14,"column":0},"end":{"line":14,"column":72}}},"fnMap":{"0":{"name":"(anonymous_0)","decl":{"start":{"line":4,"column":32},"end":{"line":4,"column":33}},"loc":{"start":{"line":4,"column":52},"end":{"line":6,"column":1}},"line":4},"1":{"name":"(anonymous_1)","decl":{"start":{"line":8,"column":31},"end":{"line":8,"column":32}},"loc":{"start":{"line":8,"column":57},"end":{"line":13,"column":1}},"line":8}},"branchMap":{},"s":{"0":1,"1":1,"2":1,"3":0,"4":1,"5":0,"6":0,"7":1},"f":{"0":0,"1":0},"b":{},"_coverageSchema":"1a1c01bbd47fc00a2c39e90264f33305004495a9","hash":"e84b6eb23de43f11539c550ac7b5c36e7a77f1c6"}
,"C:\\Users\\manda\\OneDrive\\Desktop\\Ecommerce-app\\E-Commerce-Backend\\middlewares\\auth.jwt.js": {"path":"C:\\Users\\manda\\OneDrive\\Desktop\\Ecommerce-app\\E-Commerce-Backend\\middlewares\\auth.jwt.js","statementMap":{"0":{"start":{"line":1,"column":12},"end":{"line":1,"column":35}},"1":{"start":{"line":2,"column":19},"end":{"line":2,"column":51}},"2":{"start":{"line":4,"column":20},"end":{"line":29,"column":1}},"3":{"start":{"line":6,"column":16},"end":{"line":6,"column":45}},"4":{"start":{"line":7,"column":4},"end":{"line":12,"column":5}},"5":{"start":{"line":8,"column":8},"end":{"line":10,"column":10}},"6":{"start":{"line":11,"column":8},"end":{"line":11,"column":15}},"7":{"start":{"line":14,"column":4},"end":{"line":27,"column":6}},"8":{"start":{"line":15,"column":8},"end":{"line":20,"column":9}},"9":{"start":{"line":16,"column":12},"end":{"line":18,"column":14}},"10":{"start":{"line":19,"column":12},"end":{"line":19,"column":19}},"11":{"start":{"line":22,"column":8},"end":{"line":22,"column":32}},"12":{"start":{"line":23,"column":8},"end":{"line":23,"column":15}},"13":{"start":{"line":32,"column":0},"end":{"line":34,"column":1}}},"fnMap":{"0":{"name":"(anonymous_0)","decl":{"start":{"line":4,"column":20},"end":{"line":4,"column":21}},"loc":{"start":{"line":4,"column":40},"end":{"line":29,"column":1}},"line":4},"1":{"name":"(anonymous_1)","decl":{"start":{"line":14,"column":41},"end":{"line":14,"column":42}},"loc":{"start":{"line":14,"column":59},"end":{"line":27,"column":5}},"line":14}},"branchMap":{"0":{"loc":{"start":{"line":7,"column":4},"end":{"line":12,"column":5}},"type":"if","locations":[{"start":{"line":7,"column":4},"end":{"line":12,"column":5}},{"start":{},"end":{}}],"line":7},"1":{"loc":{"start":{"line":15,"column":8},"end":{"line":20,"column":9}},"type":"if","locations":[{"start":{"line":15,"column":8},"end":{"line":20,"column":9}},{"start":{},"end":{}}],"line":15}},"s":{"0":1,"1":1,"2":1,"3":1,"4":1,"5":1,"6":1,"7":0,"8":0,"9":0,"10":0,"11":0,"12":0,"13":1},"f":{"0":1,"1":0},"b":{"0":[1,0],"1":[0,0]},"_coverageSchema":"1a1c01bbd47fc00a2c39e90264f33305004495a9","hash":"2a0836d1a1bf2abd17c0afb9887d8db596ca5226"}
,"C:\\Users\\manda\\OneDrive\\Desktop\\Ecommerce-app\\E-Commerce-Backend\\middlewares\\authRequestValidator.js": {"path":"C:\\Users\\manda\\OneDrive\\Desktop\\Ecommerce-app\\E-Commerce-Backend\\middlewares\\authRequestValidator.js","statementMap":{"0":{"start":{"line":2,"column":41},"end":{"line":2,"column":66}},"1":{"start":{"line":5,"column":29},"end":{"line":20,"column":1}},"2":{"start":{"line":6,"column":15},"end":{"line":10,"column":6}},"3":{"start":{"line":12,"column":4},"end":{"line":17,"column":5}},"4":{"start":{"line":13,"column":8},"end":{"line":15,"column":10}},"5":{"start":{"line":16,"column":8},"end":{"line":16,"column":15}},"6":{"start":{"line":19,"column":4},"end":{"line":19,"column":11}},"7":{"start":{"line":22,"column":25},"end":{"line":43,"column":1}},"8":{"start":{"line":24,"column":22},"end":{"line":24,"column":36}},"9":{"start":{"line":26,"column":4},"end":{"line":39,"column":5}},"10":{"start":{"line":28,"column":8},"end":{"line":37,"column":9}},"11":{"start":{"line":28,"column":21},"end":{"line":28,"column":22}},"12":{"start":{"line":30,"column":12},"end":{"line":36,"column":13}},"13":{"start":{"line":31,"column":16},"end":{"line":33,"column":18}},"14":{"start":{"line":35,"column":16},"end":{"line":35,"column":23}},"15":{"start":{"line":40,"column":4},"end":{"line":40,"column":11}},"16":{"start":{"line":45,"column":0},"end":{"line":48,"column":1}},"17":{"start":{"line":50,"column":0},"end":{"line":50,"column":22}}},"fnMap":{"0":{"name":"(anonymous_0)","decl":{"start":{"line":5,"column":29},"end":{"line":5,"column":30}},"loc":{"start":{"line":5,"column":55},"end":{"line":20,"column":1}},"line":5},"1":{"name":"(anonymous_1)","decl":{"start":{"line":22,"column":25},"end":{"line":22,"column":26}},"loc":{"start":{"line":22,"column":51},"end":{"line":43,"column":1}},"line":22}},"branchMap":{"0":{"loc":{"start":{"line":12,"column":4},"end":{"line":17,"column":5}},"type":"if","locations":[{"start":{"line":12,"column":4},"end":{"line":17,"column":5}},{"start":{},"end":{}}],"line":12},"1":{"loc":{"start":{"line":26,"column":4},"end":{"line":39,"column":5}},"type":"if","locations":[{"start":{"line":26,"column":4},"end":{"line":39,"column":5}},{"start":{},"end":{}}],"line":26},"2":{"loc":{"start":{"line":30,"column":12},"end":{"line":36,"column":13}},"type":"if","locations":[{"start":{"line":30,"column":12},"end":{"line":36,"column":13}},{"start":{},"end":{}}],"line":30}},"s":{"0":1,"1":1,"2":0,"3":0,"4":0,"5":0,"6":0,"7":1,"8":0,"9":0,"10":0,"11":0,"12":0,"13":0,"14":0,"15":0,"16":1,"17":1},"f":{"0":0,"1":0},"b":{"0":[0,0],"1":[0,0],"2":[0,0]},"_coverageSchema":"1a1c01bbd47fc00a2c39e90264f33305004495a9","hash":"5f2bc77316824eb54fdfd78c538b3f24fa6c2877"}
,"C:\\Users\\manda\\OneDrive\\Desktop\\Ecommerce-app\\E-Commerce-Backend\\middlewares\\commonValidaters.js": {"path":"C:\\Users\\manda\\OneDrive\\Desktop\\Ecommerce-app\\E-Commerce-Backend\\middlewares\\commonValidaters.js","statementMap":{"0":{"start":{"line":1,"column":25},"end":{"line":10,"column":1}},"1":{"start":{"line":2,"column":4},"end":{"line":7,"column":5}},"2":{"start":{"line":3,"column":8},"end":{"line":5,"column":10}},"3":{"start":{"line":6,"column":8},"end":{"line":6,"column":15}},"4":{"start":{"line":8,"column":4},"end":{"line":8,"column":11}},"5":{"start":{"line":12,"column":23},"end":{"line":34,"column":1}},"6":{"start":{"line":13,"column":21},"end":{"line":13,"column":23}},"7":{"start":{"line":16,"column":4},"end":{"line":30,"column":5}},"8":{"start":{"line":17,"column":30},"end":{"line":17,"column":62}},"9":{"start":{"line":19,"column":8},"end":{"line":25,"column":9}},"10":{"start":{"line":20,"column":12},"end":{"line":22,"column":14}},"11":{"start":{"line":23,"column":12},"end":{"line":23,"column":19}},"12":{"start":{"line":27,"column":8},"end":{"line":29,"column":10}},"13":{"start":{"line":32,"column":4},"end":{"line":32,"column":11}},"14":{"start":{"line":36,"column":0},"end":{"line":36,"column":58}}},"fnMap":{"0":{"name":"(anonymous_0)","decl":{"start":{"line":1,"column":25},"end":{"line":1,"column":26}},"loc":{"start":{"line":1,"column":53},"end":{"line":10,"column":1}},"line":1},"1":{"name":"(anonymous_1)","decl":{"start":{"line":12,"column":23},"end":{"line":12,"column":24}},"loc":{"start":{"line":12,"column":63},"end":{"line":34,"column":1}},"line":12}},"branchMap":{"0":{"loc":{"start":{"line":2,"column":4},"end":{"line":7,"column":5}},"type":"if","locations":[{"start":{"line":2,"column":4},"end":{"line":7,"column":5}},{"start":{},"end":{}}],"line":2},"1":{"loc":{"start":{"line":16,"column":4},"end":{"line":30,"column":5}},"type":"if","locations":[{"start":{"line":16,"column":4},"end":{"line":30,"column":5}},{"start":{"line":26,"column":11},"end":{"line":30,"column":5}}],"line":16},"2":{"loc":{"start":{"line":19,"column":8},"end":{"line":25,"column":9}},"type":"if","locations":[{"start":{"line":19,"column":8},"end":{"line":25,"column":9}},{"start":{},"end":{}}],"line":19}},"s":{"0":1,"1":0,"2":0,"3":0,"4":0,"5":1,"6":0,"7":0,"8":0,"9":0,"10":0,"11":0,"12":0,"13":0,"14":1},"f":{"0":0,"1":0},"b":{"0":[0,0],"1":[0,0],"2":[0,0]},"_coverageSchema":"1a1c01bbd47fc00a2c39e90264f33305004495a9","hash":"beed086cc5d1194d5a8f514b87f509e0d822f2e4"}
,"C:\\Users\\manda\\OneDrive\\Desktop\\Ecommerce-app\\E-Commerce-Backend\\model\\Cart.js": {"path":"C:\\Users\\manda\\OneDrive\\Desktop\\Ecommerce-app\\E-Commerce-Backend\\model\\Cart.js","statementMap":{"0":{"start":{"line":2,"column":0},"end":{"line":20,"column":1}},"1":{"start":{"line":4,"column":20},"end":{"line":17,"column":10}},"2":{"start":{"line":19,"column":4},"end":{"line":19,"column":21}}},"fnMap":{"0":{"name":"(anonymous_0)","decl":{"start":{"line":2,"column":17},"end":{"line":2,"column":18}},"loc":{"start":{"line":2,"column":53},"end":{"line":20,"column":1}},"line":2}},"branchMap":{},"s":{"0":3,"1":3,"2":3},"f":{"0":3},"b":{},"_coverageSchema":"1a1c01bbd47fc00a2c39e90264f33305004495a9","hash":"98786438e8f41431d27ad31cb4f06fb01741bae0"}
,"C:\\Users\\manda\\OneDrive\\Desktop\\Ecommerce-app\\E-Commerce-Backend\\model\\Category.js": {"path":"C:\\Users\\manda\\OneDrive\\Desktop\\Ecommerce-app\\E-Commerce-Backend\\model\\Category.js","statementMap":{"0":{"start":{"line":3,"column":0},"end":{"line":22,"column":1}},"1":{"start":{"line":5,"column":24},"end":{"line":19,"column":5}},"2":{"start":{"line":21,"column":4},"end":{"line":21,"column":25}}},"fnMap":{"0":{"name":"(anonymous_0)","decl":{"start":{"line":3,"column":17},"end":{"line":3,"column":18}},"loc":{"start":{"line":3,"column":53},"end":{"line":22,"column":1}},"line":3}},"branchMap":{},"s":{"0":3,"1":3,"2":3},"f":{"0":3},"b":{},"_coverageSchema":"1a1c01bbd47fc00a2c39e90264f33305004495a9","hash":"fc713655073c0a840976e61adda31e9f51c2062c"}
,"C:\\Users\\manda\\OneDrive\\Desktop\\Ecommerce-app\\E-Commerce-Backend\\model\\Products.js": {"path":"C:\\Users\\manda\\OneDrive\\Desktop\\Ecommerce-app\\E-Commerce-Backend\\model\\Products.js","statementMap":{"0":{"start":{"line":2,"column":0},"end":{"line":35,"column":1}},"1":{"start":{"line":5,"column":24},"end":{"line":32,"column":5}},"2":{"start":{"line":34,"column":4},"end":{"line":34,"column":25}}},"fnMap":{"0":{"name":"(anonymous_0)","decl":{"start":{"line":2,"column":17},"end":{"line":2,"column":18}},"loc":{"start":{"line":2,"column":53},"end":{"line":35,"column":1}},"line":2}},"branchMap":{},"s":{"0":3,"1":3,"2":3},"f":{"0":3},"b":{},"_coverageSchema":"1a1c01bbd47fc00a2c39e90264f33305004495a9","hash":"f452678c63992e5962d2f78b12ea7462e8c8389c"}
,"C:\\Users\\manda\\OneDrive\\Desktop\\Ecommerce-app\\E-Commerce-Backend\\model\\Roles.js": {"path":"C:\\Users\\manda\\OneDrive\\Desktop\\Ecommerce-app\\E-Commerce-Backend\\model\\Roles.js","statementMap":{"0":{"start":{"line":2,"column":0},"end":{"line":20,"column":1}},"1":{"start":{"line":5,"column":23},"end":{"line":17,"column":5}},"2":{"start":{"line":18,"column":4},"end":{"line":18,"column":22}}},"fnMap":{"0":{"name":"(anonymous_0)","decl":{"start":{"line":2,"column":17},"end":{"line":2,"column":18}},"loc":{"start":{"line":2,"column":53},"end":{"line":20,"column":1}},"line":2}},"branchMap":{},"s":{"0":3,"1":3,"2":3},"f":{"0":3},"b":{},"_coverageSchema":"1a1c01bbd47fc00a2c39e90264f33305004495a9","hash":"2353678e8e8e85debbb451ca0316dace0ac5f967"}
,"C:\\Users\\manda\\OneDrive\\Desktop\\Ecommerce-app\\E-Commerce-Backend\\model\\User.js": {"path":"C:\\Users\\manda\\OneDrive\\Desktop\\Ecommerce-app\\E-Commerce-Backend\\model\\User.js","statementMap":{"0":{"start":{"line":4,"column":0},"end":{"line":17,"column":2}},"1":{"start":{"line":5,"column":22},"end":{"line":15,"column":6}},"2":{"start":{"line":16,"column":4},"end":{"line":16,"column":21}}},"fnMap":{"0":{"name":"(anonymous_0)","decl":{"start":{"line":4,"column":17},"end":{"line":4,"column":18}},"loc":{"start":{"line":4,"column":53},"end":{"line":17,"column":1}},"line":4}},"branchMap":{},"s":{"0":3,"1":3,"2":3},"f":{"0":3},"b":{},"_coverageSchema":"1a1c01bbd47fc00a2c39e90264f33305004495a9","hash":"4a2ce91641147049cade61f0b725ab9d60c47e8f"}
,"C:\\Users\\manda\\OneDrive\\Desktop\\Ecommerce-app\\E-Commerce-Backend\\model\\index.js": {"path":"C:\\Users\\manda\\OneDrive\\Desktop\\Ecommerce-app\\E-Commerce-Backend\\model\\index.js","statementMap":{"0":{"start":{"line":1,"column":18},"end":{"line":1,"column":38}},"1":{"start":{"line":2,"column":12},"end":{"line":2,"column":49}},"2":{"start":{"line":3,"column":17},"end":{"line":3,"column":52}},"3":{"start":{"line":5,"column":9},"end":{"line":5,"column":11}},"4":{"start":{"line":7,"column":0},"end":{"line":7,"column":25}},"5":{"start":{"line":9,"column":0},"end":{"line":28,"column":1}},"6":{"start":{"line":30,"column":0},"end":{"line":30,"column":69}},"7":{"start":{"line":31,"column":0},"end":{"line":31,"column":68}},"8":{"start":{"line":32,"column":0},"end":{"line":32,"column":68}},"9":{"start":{"line":33,"column":0},"end":{"line":33,"column":74}},"10":{"start":{"line":34,"column":0},"end":{"line":34,"column":75}},"11":{"start":{"line":37,"column":0},"end":{"line":41,"column":3}},"12":{"start":{"line":43,"column":0},"end":{"line":48,"column":2}},"13":{"start":{"line":50,"column":0},"end":{"line":54,"column":2}},"14":{"start":{"line":56,"column":0},"end":{"line":60,"column":2}},"15":{"start":{"line":62,"column":0},"end":{"line":62,"column":28}},"16":{"start":{"line":64,"column":0},"end":{"line":64,"column":20}}},"fnMap":{},"branchMap":{"0":{"loc":{"start":{"line":2,"column":12},"end":{"line":2,"column":49}},"type":"binary-expr","locations":[{"start":{"line":2,"column":12},"end":{"line":2,"column":32}},{"start":{"line":2,"column":36},"end":{"line":2,"column":49}}],"line":2}},"s":{"0":3,"1":3,"2":3,"3":3,"4":3,"5":3,"6":3,"7":3,"8":3,"9":3,"10":3,"11":3,"12":3,"13":3,"14":3,"15":3,"16":3},"f":{},"b":{"0":[3,0]},"_coverageSchema":"1a1c01bbd47fc00a2c39e90264f33305004495a9","hash":"0dc2aaa85feceef4e6ecd1a2f34920723bd4e3c6"}
,"C:\\Users\\manda\\OneDrive\\Desktop\\Ecommerce-app\\E-Commerce-Backend\\routes\\auth.route.js": {"path":"C:\\Users\\manda\\OneDrive\\Desktop\\Ecommerce-app\\E-Commerce-Backend\\routes\\auth.route.js","statementMap":{"0":{"start":{"line":1,"column":14},"end":{"line":1,"column":32}},"1":{"start":{"line":2,"column":17},"end":{"line":2,"column":26}},"2":{"start":{"line":3,"column":16},"end":{"line":3,"column":32}},"3":{"start":{"line":4,"column":21},"end":{"line":4,"column":61}},"4":{"start":{"line":5,"column":21},"end":{"line":5,"column":67}},"5":{"start":{"line":6,"column":0},"end":{"line":12,"column":2}},"6":{"start":{"line":7,"column":4},"end":{"line":10,"column":5}},"7":{"start":{"line":11,"column":4},"end":{"line":11,"column":11}},"8":{"start":{"line":14,"column":0},"end":{"line":14,"column":124}},"9":{"start":{"line":15,"column":0},"end":{"line":15,"column":48}},"10":{"start":{"line":18,"column":0},"end":{"line":18,"column":27}}},"fnMap":{"0":{"name":"(anonymous_0)","decl":{"start":{"line":6,"column":15},"end":{"line":6,"column":16}},"loc":{"start":{"line":6,"column":41},"end":{"line":12,"column":1}},"line":6}},"branchMap":{},"s":{"0":1,"1":1,"2":1,"3":1,"4":1,"5":1,"6":0,"7":0,"8":1,"9":1,"10":1},"f":{"0":0},"b":{},"_coverageSchema":"1a1c01bbd47fc00a2c39e90264f33305004495a9","hash":"95eca65362fe0adbb9c83827f2634c62a5ac4402"}
,"C:\\Users\\manda\\OneDrive\\Desktop\\Ecommerce-app\\E-Commerce-Backend\\routes\\cart.route.js": {"path":"C:\\Users\\manda\\OneDrive\\Desktop\\Ecommerce-app\\E-Commerce-Backend\\routes\\cart.route.js","statementMap":{"0":{"start":{"line":2,"column":14},"end":{"line":2,"column":32}},"1":{"start":{"line":3,"column":17},"end":{"line":3,"column":33}},"2":{"start":{"line":4,"column":21},"end":{"line":4,"column":61}},"3":{"start":{"line":5,"column":14},"end":{"line":5,"column":48}},"4":{"start":{"line":8,"column":0},"end":{"line":8,"column":73}},"5":{"start":{"line":9,"column":0},"end":{"line":9,"column":70}},"6":{"start":{"line":11,"column":0},"end":{"line":11,"column":76}},"7":{"start":{"line":15,"column":0},"end":{"line":15,"column":28}}},"fnMap":{},"branchMap":{},"s":{"0":1,"1":1,"2":1,"3":1,"4":1,"5":1,"6":1,"7":1},"f":{},"b":{},"_coverageSchema":"1a1c01bbd47fc00a2c39e90264f33305004495a9","hash":"0179d6aadcb6619a82045145b17a53fb49eca765"}
,"C:\\Users\\manda\\OneDrive\\Desktop\\Ecommerce-app\\E-Commerce-Backend\\routes\\categories.route.js": {"path":"C:\\Users\\manda\\OneDrive\\Desktop\\Ecommerce-app\\E-Commerce-Backend\\routes\\categories.route.js","statementMap":{"0":{"start":{"line":1,"column":14},"end":{"line":1,"column":32}},"1":{"start":{"line":2,"column":23},"end":{"line":2,"column":39}},"2":{"start":{"line":3,"column":25},"end":{"line":3,"column":69}},"3":{"start":{"line":4,"column":25},"end":{"line":4,"column":76}},"4":{"start":{"line":8,"column":0},"end":{"line":8,"column":63}},"5":{"start":{"line":10,"column":0},"end":{"line":10,"column":120}},"6":{"start":{"line":12,"column":0},"end":{"line":12,"column":111}},"7":{"start":{"line":14,"column":0},"end":{"line":14,"column":125}},"8":{"start":{"line":16,"column":0},"end":{"line":16,"column":169}},"9":{"start":{"line":18,"column":0},"end":{"line":18,"column":34}}},"fnMap":{},"branchMap":{},"s":{"0":1,"1":1,"2":1,"3":1,"4":1,"5":1,"6":1,"7":1,"8":1,"9":1},"f":{},"b":{},"_coverageSchema":"1a1c01bbd47fc00a2c39e90264f33305004495a9","hash":"54fa2c235e69c028a43f1148c42a536951005bae"}
,"C:\\Users\\manda\\OneDrive\\Desktop\\Ecommerce-app\\E-Commerce-Backend\\routes\\index.js": {"path":"C:\\Users\\manda\\OneDrive\\Desktop\\Ecommerce-app\\E-Commerce-Backend\\routes\\index.js","statementMap":{"0":{"start":{"line":1,"column":14},"end":{"line":1,"column":32}},"1":{"start":{"line":2,"column":13},"end":{"line":2,"column":29}},"2":{"start":{"line":3,"column":22},"end":{"line":3,"column":51}},"3":{"start":{"line":4,"column":20},"end":{"line":4,"column":47}},"4":{"start":{"line":5,"column":16},"end":{"line":5,"column":39}},"5":{"start":{"line":6,"column":16},"end":{"line":6,"column":39}},"6":{"start":{"line":9,"column":0},"end":{"line":13,"column":2}},"7":{"start":{"line":10,"column":4},"end":{"line":10,"column":42}},"8":{"start":{"line":11,"column":4},"end":{"line":11,"column":13}},"9":{"start":{"line":15,"column":0},"end":{"line":15,"column":56}},"10":{"start":{"line":16,"column":0},"end":{"line":16,"column":51}},"11":{"start":{"line":17,"column":0},"end":{"line":17,"column":43}},"12":{"start":{"line":18,"column":0},"end":{"line":18,"column":43}},"13":{"start":{"line":19,"column":0},"end":{"line":19,"column":24}}},"fnMap":{"0":{"name":"(anonymous_0)","decl":{"start":{"line":9,"column":16},"end":{"line":9,"column":17}},"loc":{"start":{"line":9,"column":36},"end":{"line":13,"column":1}},"line":9}},"branchMap":{},"s":{"0":1,"1":1,"2":1,"3":1,"4":1,"5":1,"6":1,"7":0,"8":0,"9":1,"10":1,"11":1,"12":1,"13":1},"f":{"0":0},"b":{},"_coverageSchema":"1a1c01bbd47fc00a2c39e90264f33305004495a9","hash":"2af1dc177503b03961033d88ec0122041207ec7e"}
,"C:\\Users\\manda\\OneDrive\\Desktop\\Ecommerce-app\\E-Commerce-Backend\\routes\\products.route.js": {"path":"C:\\Users\\manda\\OneDrive\\Desktop\\Ecommerce-app\\E-Commerce-Backend\\routes\\products.route.js","statementMap":{"0":{"start":{"line":1,"column":14},"end":{"line":1,"column":32}},"1":{"start":{"line":2,"column":21},"end":{"line":2,"column":37}},"2":{"start":{"line":3,"column":24},"end":{"line":3,"column":67}},"3":{"start":{"line":4,"column":25},"end":{"line":4,"column":75}},"4":{"start":{"line":5,"column":14},"end":{"line":5,"column":48}},"5":{"start":{"line":8,"column":0},"end":{"line":8,"column":80}},"6":{"start":{"line":10,"column":0},"end":{"line":10,"column":119}},"7":{"start":{"line":12,"column":0},"end":{"line":12,"column":59}},"8":{"start":{"line":14,"column":0},"end":{"line":14,"column":120}},"9":{"start":{"line":16,"column":0},"end":{"line":16,"column":163}},"10":{"start":{"line":20,"column":0},"end":{"line":20,"column":32}}},"fnMap":{},"branchMap":{},"s":{"0":1,"1":1,"2":1,"3":1,"4":1,"5":1,"6":1,"7":1,"8":1,"9":1,"10":1},"f":{},"b":{},"_coverageSchema":"1a1c01bbd47fc00a2c39e90264f33305004495a9","hash":"fec0de23f2b5566fe71ec805f0fdcc3d221cf762"}
,"C:\\Users\\manda\\OneDrive\\Desktop\\Ecommerce-app\\E-Commerce-Backend\\test\\UnitTest\\interceptor.js": {"path":"C:\\Users\\manda\\OneDrive\\Desktop\\Ecommerce-app\\E-Commerce-Backend\\test\\UnitTest\\interceptor.js","statementMap":{"0":{"start":{"line":4,"column":0},"end":{"line":27,"column":1}},"1":{"start":{"line":6,"column":18},"end":{"line":6,"column":20}},"2":{"start":{"line":7,"column":8},"end":{"line":7,"column":50}},"3":{"start":{"line":8,"column":8},"end":{"line":8,"column":52}},"4":{"start":{"line":9,"column":8},"end":{"line":9,"column":51}},"5":{"start":{"line":11,"column":8},"end":{"line":11,"column":19}},"6":{"start":{"line":16,"column":18},"end":{"line":16,"column":20}},"7":{"start":{"line":17,"column":8},"end":{"line":17,"column":50}},"8":{"start":{"line":18,"column":8},"end":{"line":18,"column":52}},"9":{"start":{"line":19,"column":8},"end":{"line":19,"column":50}},"10":{"start":{"line":20,"column":8},"end":{"line":20,"column":51}},"11":{"start":{"line":21,"column":8},"end":{"line":21,"column":28}},"12":{"start":{"line":22,"column":8},"end":{"line":22,"column":55}},"13":{"start":{"line":24,"column":8},"end":{"line":24,"column":19}}},"fnMap":{"0":{"name":"(anonymous_0)","decl":{"start":{"line":5,"column":17},"end":{"line":5,"column":18}},"loc":{"start":{"line":5,"column":23},"end":{"line":13,"column":5}},"line":5},"1":{"name":"(anonymous_1)","decl":{"start":{"line":15,"column":18},"end":{"line":15,"column":19}},"loc":{"start":{"line":15,"column":24},"end":{"line":26,"column":5}},"line":15}},"branchMap":{},"s":{"0":2,"1":7,"2":7,"3":7,"4":7,"5":7,"6":7,"7":7,"8":7,"9":7,"10":7,"11":7,"12":7,"13":7},"f":{"0":7,"1":7},"b":{},"_coverageSchema":"1a1c01bbd47fc00a2c39e90264f33305004495a9","hash":"8d3c779ded9f0a9bd5ef8f553db5612052d2ed59"}
}
