TN:
SF:app.js
FN:15,(anonymous_0)
FN:19,(anonymous_1)
FN:25,(anonymous_2)
FN:35,(anonymous_3)
FNF:4
FNH:0
FNDA:0,(anonymous_0)
FNDA:0,(anonymous_1)
FNDA:0,(anonymous_2)
FNDA:0,(anonymous_3)
DA:2,1
DA:3,1
DA:4,1
DA:5,1
DA:6,1
DA:7,1
DA:9,1
DA:10,1
DA:11,1
DA:13,1
DA:15,1
DA:16,0
DA:19,1
DA:20,0
DA:21,0
DA:25,1
DA:26,0
DA:35,1
DA:36,0
DA:45,1
LF:20
LH:15
BRF:0
BRH:0
end_of_record
TN:
SF:config\auth.config.js
FNF:0
FNH:0
DA:1,1
DA:5,1
LF:2
LH:2
BRF:0
BRH:0
end_of_record
TN:
SF:config\db.config.js
FNF:0
FNH:0
DA:2,4
DA:19,4
DA:36,4
LF:3
LH:3
BRF:0
BRH:0
end_of_record
TN:
SF:controller\auth.controller.js
FN:8,(anonymous_0)
FN:39,(anonymous_1)
FNF:2
FNH:0
FNDA:0,(anonymous_0)
FNDA:0,(anonymous_1)
DA:1,1
DA:2,1
DA:3,1
DA:4,1
DA:8,1
DA:9,0
DA:15,0
DA:16,0
DA:25,0
DA:26,0
DA:30,0
DA:31,0
DA:39,1
DA:40,0
DA:41,0
DA:43,0
DA:49,0
DA:50,0
DA:53,0
DA:56,0
DA:61,0
DA:62,0
DA:65,0
DA:68,0
DA:72,0
DA:73,0
DA:74,0
DA:75,0
DA:78,0
DA:94,1
LF:30
LH:7
BRDA:15,0,0,0
BRDA:15,0,1,0
BRDA:49,1,0,0
BRDA:49,1,1,0
BRDA:61,2,0,0
BRDA:61,2,1,0
BRF:6
BRH:0
end_of_record
TN:
SF:controller\cart.controller.js
FN:3,(anonymous_0)
FN:20,(anonymous_1)
FN:62,(anonymous_2)
FNF:3
FNH:1
FNDA:1,(anonymous_0)
FNDA:0,(anonymous_1)
FNDA:0,(anonymous_2)
DA:1,2
DA:3,2
DA:4,1
DA:6,1
DA:7,1
DA:9,1
DA:13,0
DA:20,2
DA:21,0
DA:23,0
DA:25,0
DA:26,0
DA:33,0
DA:34,0
DA:35,0
DA:37,0
DA:38,0
DA:39,0
DA:41,0
DA:42,0
DA:43,0
DA:50,0
DA:62,2
DA:64,0
DA:66,0
DA:67,0
DA:69,0
DA:71,0
DA:73,0
DA:74,0
DA:81,0
DA:89,2
LF:32
LH:9
BRDA:7,0,0,1
BRDA:7,0,1,1
BRDA:7,0,2,0
BRDA:25,1,0,0
BRDA:25,1,1,0
BRDA:33,2,0,0
BRDA:33,2,1,0
BRF:7
BRH:2
end_of_record
TN:
SF:controller\category.controller.js
FN:4,(anonymous_0)
FN:15,(anonymous_1)
FN:37,(anonymous_2)
FN:49,(anonymous_3)
FN:62,(anonymous_4)
FNF:5
FNH:5
FNDA:2,(anonymous_0)
FNDA:1,(anonymous_1)
FNDA:1,(anonymous_2)
FNDA:1,(anonymous_3)
FNDA:1,(anonymous_4)
DA:1,2
DA:4,2
DA:6,2
DA:7,2
DA:8,1
DA:10,1
DA:15,2
DA:17,1
DA:18,1
DA:19,1
DA:25,1
DA:29,0
DA:37,2
DA:38,1
DA:39,1
DA:41,1
DA:43,1
DA:45,0
DA:49,2
DA:50,1
DA:52,1
DA:58,1
DA:59,1
DA:62,2
DA:64,1
DA:65,1
DA:66,1
DA:76,1
DA:82,1
DA:83,1
DA:84,1
DA:87,0
DA:95,2
DA:103,2
LF:34
LH:31
BRF:0
BRH:0
end_of_record
TN:
SF:controller\product.controller.js
FN:6,(anonymous_0)
FN:51,(anonymous_1)
FN:88,(anonymous_2)
FN:104,(anonymous_3)
FN:118,(anonymous_4)
FN:132,(anonymous_5)
FN:153,(anonymous_6)
FNF:7
FNH:6
FNDA:0,(anonymous_0)
FNDA:1,(anonymous_1)
FNDA:1,(anonymous_2)
FNDA:1,(anonymous_3)
FNDA:2,(anonymous_4)
FNDA:1,(anonymous_5)
FNDA:1,(anonymous_6)
DA:1,2
DA:2,2
DA:6,2
DA:8,0
DA:47,0
DA:48,0
DA:51,2
DA:52,1
DA:53,1
DA:54,1
DA:56,1
DA:57,0
DA:58,1
DA:59,0
DA:77,1
DA:80,1
DA:84,1
DA:88,2
DA:89,1
DA:100,1
DA:104,2
DA:105,1
DA:108,1
DA:114,1
DA:118,2
DA:119,2
DA:120,2
DA:121,2
DA:123,2
DA:124,2
DA:126,0
DA:127,0
DA:132,2
DA:133,1
DA:134,1
DA:136,1
DA:137,1
DA:138,0
DA:140,1
DA:146,1
DA:147,1
DA:149,0
DA:153,2
DA:154,1
DA:155,1
DA:158,1
DA:159,0
DA:162,0
DA:165,1
DA:167,1
DA:172,1
DA:173,1
DA:174,1
DA:176,0
DA:180,2
LF:55
LH:43
BRDA:56,0,0,0
BRDA:56,0,1,1
BRDA:58,1,0,0
BRDA:58,1,1,1
BRDA:68,2,0,0
BRDA:68,2,1,0
BRDA:69,3,0,0
BRDA:69,3,1,0
BRDA:93,4,0,1
BRDA:93,4,1,1
BRDA:94,5,0,1
BRDA:94,5,1,1
BRDA:137,6,0,0
BRDA:137,6,1,1
BRDA:158,7,0,0
BRDA:158,7,1,1
BRF:16
BRH:8
end_of_record
TN:
SF:middlewares\CategoryRequestValidaters.js
FN:6,(anonymous_0)
FN:10,(anonymous_1)
FNF:2
FNH:0
FNDA:0,(anonymous_0)
FNDA:0,(anonymous_1)
DA:1,1
DA:2,1
DA:6,1
DA:7,0
DA:10,1
DA:11,0
DA:12,0
DA:15,1
LF:8
LH:5
BRF:0
BRH:0
end_of_record
TN:
SF:middlewares\ErrorHandler.js
FN:3,(anonymous_0)
FNF:1
FNH:0
FNDA:0,(anonymous_0)
DA:1,1
DA:3,1
DA:4,0
DA:5,0
DA:6,0
DA:13,0
DA:15,0
DA:22,1
LF:8
LH:3
BRDA:5,0,0,0
BRDA:5,0,1,0
BRDA:6,1,0,0
BRDA:6,1,1,0
BRF:4
BRH:0
end_of_record
TN:
SF:middlewares\ProductRequestValidaters.js
FN:4,(anonymous_0)
FN:8,(anonymous_1)
FNF:2
FNH:0
FNDA:0,(anonymous_0)
FNDA:0,(anonymous_1)
DA:1,1
DA:2,1
DA:4,1
DA:5,0
DA:8,1
DA:9,0
DA:11,0
DA:14,1
LF:8
LH:5
BRF:0
BRH:0
end_of_record
TN:
SF:middlewares\auth.jwt.js
FN:4,(anonymous_0)
FN:14,(anonymous_1)
FNF:2
FNH:1
FNDA:1,(anonymous_0)
FNDA:0,(anonymous_1)
DA:1,1
DA:2,1
DA:4,1
DA:6,1
DA:7,1
DA:8,1
DA:11,1
DA:14,0
DA:15,0
DA:16,0
DA:19,0
DA:22,0
DA:23,0
DA:32,1
LF:14
LH:8
BRDA:7,0,0,1
BRDA:7,0,1,0
BRDA:15,1,0,0
BRDA:15,1,1,0
BRF:4
BRH:1
end_of_record
TN:
SF:middlewares\authRequestValidator.js
FN:5,(anonymous_0)
FN:22,(anonymous_1)
FNF:2
FNH:0
FNDA:0,(anonymous_0)
FNDA:0,(anonymous_1)
DA:2,1
DA:5,1
DA:6,0
DA:12,0
DA:13,0
DA:16,0
DA:19,0
DA:22,1
DA:24,0
DA:26,0
DA:28,0
DA:30,0
DA:31,0
DA:35,0
DA:40,0
DA:45,1
DA:50,1
LF:17
LH:5
BRDA:12,0,0,0
BRDA:12,0,1,0
BRDA:26,1,0,0
BRDA:26,1,1,0
BRDA:30,2,0,0
BRDA:30,2,1,0
BRF:6
BRH:0
end_of_record
TN:
SF:middlewares\commonValidaters.js
FN:1,(anonymous_0)
FN:12,(anonymous_1)
FNF:2
FNH:0
FNDA:0,(anonymous_0)
FNDA:0,(anonymous_1)
DA:1,1
DA:2,0
DA:3,0
DA:6,0
DA:8,0
DA:12,1
DA:13,0
DA:16,0
DA:17,0
DA:19,0
DA:20,0
DA:23,0
DA:27,0
DA:32,0
DA:36,1
LF:15
LH:3
BRDA:2,0,0,0
BRDA:2,0,1,0
BRDA:16,1,0,0
BRDA:16,1,1,0
BRDA:19,2,0,0
BRDA:19,2,1,0
BRF:6
BRH:0
end_of_record
TN:
SF:model\Cart.js
FN:2,(anonymous_0)
FNF:1
FNH:1
FNDA:4,(anonymous_0)
DA:2,4
DA:4,4
DA:19,4
LF:3
LH:3
BRF:0
BRH:0
end_of_record
TN:
SF:model\Category.js
FN:3,(anonymous_0)
FNF:1
FNH:1
FNDA:4,(anonymous_0)
DA:3,4
DA:5,4
DA:21,4
LF:3
LH:3
BRF:0
BRH:0
end_of_record
TN:
SF:model\Products.js
FN:2,(anonymous_0)
FNF:1
FNH:1
FNDA:4,(anonymous_0)
DA:2,4
DA:5,4
DA:34,4
LF:3
LH:3
BRF:0
BRH:0
end_of_record
TN:
SF:model\Roles.js
FN:2,(anonymous_0)
FNF:1
FNH:1
FNDA:4,(anonymous_0)
DA:2,4
DA:5,4
DA:18,4
LF:3
LH:3
BRF:0
BRH:0
end_of_record
TN:
SF:model\User.js
FN:4,(anonymous_0)
FNF:1
FNH:1
FNDA:4,(anonymous_0)
DA:4,4
DA:5,4
DA:16,4
LF:3
LH:3
BRF:0
BRH:0
end_of_record
TN:
SF:model\index.js
FNF:0
FNH:0
DA:1,4
DA:2,4
DA:3,4
DA:5,4
DA:7,4
DA:9,4
DA:30,4
DA:31,4
DA:32,4
DA:33,4
DA:34,4
DA:37,4
DA:43,4
DA:50,4
DA:56,4
DA:62,4
DA:64,4
LF:17
LH:17
BRDA:2,0,0,4
BRDA:2,0,1,0
BRF:2
BRH:1
end_of_record
TN:
SF:routes\auth.route.js
FN:6,(anonymous_0)
FNF:1
FNH:0
FNDA:0,(anonymous_0)
DA:1,1
DA:2,1
DA:3,1
DA:4,1
DA:5,1
DA:6,1
DA:7,0
DA:11,0
DA:14,1
DA:15,1
DA:18,1
LF:11
LH:9
BRF:0
BRH:0
end_of_record
TN:
SF:routes\cart.route.js
FNF:0
FNH:0
DA:2,1
DA:3,1
DA:4,1
DA:5,1
DA:8,1
DA:9,1
DA:11,1
DA:15,1
LF:8
LH:8
BRF:0
BRH:0
end_of_record
TN:
SF:routes\categories.route.js
FNF:0
FNH:0
DA:1,1
DA:2,1
DA:3,1
DA:4,1
DA:8,1
DA:10,1
DA:12,1
DA:14,1
DA:16,1
DA:18,1
LF:10
LH:10
BRF:0
BRH:0
end_of_record
TN:
SF:routes\index.js
FN:9,(anonymous_0)
FNF:1
FNH:0
FNDA:0,(anonymous_0)
DA:1,1
DA:2,1
DA:3,1
DA:4,1
DA:5,1
DA:6,1
DA:9,1
DA:10,0
DA:11,0
DA:15,1
DA:16,1
DA:17,1
DA:18,1
DA:19,1
LF:14
LH:12
BRF:0
BRH:0
end_of_record
TN:
SF:routes\products.route.js
FNF:0
FNH:0
DA:1,1
DA:2,1
DA:3,1
DA:4,1
DA:5,1
DA:8,1
DA:10,1
DA:12,1
DA:14,1
DA:16,1
DA:20,1
LF:11
LH:11
BRF:0
BRH:0
end_of_record
TN:
SF:test\UnitTest\interceptor.js
FN:5,(anonymous_0)
FN:15,(anonymous_1)
FNF:2
FNH:2
FNDA:12,(anonymous_0)
FNDA:12,(anonymous_1)
DA:4,3
DA:6,12
DA:7,12
DA:8,12
DA:9,12
DA:11,12
DA:16,12
DA:17,12
DA:18,12
DA:19,12
DA:20,12
DA:21,12
DA:22,12
DA:24,12
LF:14
LH:14
BRF:0
BRH:0
end_of_record
